0 info it worked if it ends with ok
1 verbose cli [ 'C:\\Program Files\\nodejs\\node.exe',
1 verbose cli   'C:\\Program Files\\nodejs\\node_modules\\npm\\bin\\npm-cli.js',
1 verbose cli   'run',
1 verbose cli   'server' ]
2 info using npm@3.10.10
3 info using node@v6.11.4
4 verbose run-script [ 'preserver', 'server', 'postserver' ]
5 info lifecycle app@0.0.1~preserver: app@0.0.1
6 silly lifecycle app@0.0.1~preserver: no script for preserver, continuing
7 info lifecycle app@0.0.1~server: app@0.0.1
8 verbose lifecycle app@0.0.1~server: unsafe-perm in lifecycle true
9 verbose lifecycle app@0.0.1~server: PATH: C:\Program Files\nodejs\node_modules\npm\bin\node-gyp-bin;C:\Users\pardey\Deloitte-office-works\Geektastic\full-stack-recruitment-test-master\node_modules\.bin;C:\WINDOWS\system32;C:\WINDOWS;C:\Java\jdk1.8.0_131\bin;C:\WINDOWS\System32\Wbem;C:\Program Files (x86)\Intel\iCLS Client\;C:\Program Files\Intel\iCLS Client\;C:\WINDOWS\system32;C:\WINDOWS;C:\WINDOWS\System32\Wbem;C:\WINDOWS\System32\WindowsPowerShell\v1.0\;C:\Program Files (x86)\Intel\Intel(R) Management Engine Components\DAL;C:\Program Files\Intel\Intel(R) Management Engine Components\DAL;C:\Program Files (x86)\Intel\Intel(R) Management Engine Components\IPT;C:\Program Files\Intel\Intel(R) Management Engine Components\IPT;C:\Program Files\Gradle\gradle-4.0.1\bin;C:\Users\pardey\AppData\Local\Microsoft\WindowsApps;%GRADLE_HOME%\bin;%M2_HOME%/bin;%HADOOP_HOME%;C:\Python27;C:\Program Files (x86)\GitExtensions\;C:\Program Files\Git\cmd;C:\Program Files\TortoiseGit\bin;C:\Ruby24-x64\bin;C:\msys64\mingw64\bin;%MONGO_HOME%;C:\Program Files\nodejs\;%SONAR_HOME%;C:\Program Files\sonarqube-6.7\bin\windows-x86-64;%SONAR_RUNNER_HOME%/bin;C:\Ruby24-x64\bin;C:\Users\pardey\AppData\Local\Microsoft\WindowsApps;C:\Java\jdk1.8.0_131\bin;C:\Users\pardey\AppData\Roaming\npm;C:\Program Files\Microsoft VS Code\bin
10 verbose lifecycle app@0.0.1~server: CWD: C:\Users\pardey\Deloitte-office-works\Geektastic\full-stack-recruitment-test-master
11 silly lifecycle app@0.0.1~server: Args: [ '/d /s /c', 'cd server && node src/server.js' ]
12 silly lifecycle app@0.0.1~server: Returned: code: 1  signal: null
13 info lifecycle app@0.0.1~server: Failed to exec server script
14 verbose stack Error: app@0.0.1 server: `cd server && node src/server.js`
14 verbose stack Exit status 1
14 verbose stack     at EventEmitter.<anonymous> (C:\Program Files\nodejs\node_modules\npm\lib\utils\lifecycle.js:255:16)
14 verbose stack     at emitTwo (events.js:106:13)
14 verbose stack     at EventEmitter.emit (events.js:191:7)
14 verbose stack     at ChildProcess.<anonymous> (C:\Program Files\nodejs\node_modules\npm\lib\utils\spawn.js:40:14)
14 verbose stack     at emitTwo (events.js:106:13)
14 verbose stack     at ChildProcess.emit (events.js:191:7)
14 verbose stack     at maybeClose (internal/child_process.js:920:16)
14 verbose stack     at Process.ChildProcess._handle.onexit (internal/child_process.js:230:5)
15 verbose pkgid app@0.0.1
16 verbose cwd C:\Users\pardey\Deloitte-office-works\Geektastic\full-stack-recruitment-test-master\server
17 error Windows_NT 10.0.14393
18 error argv "C:\\Program Files\\nodejs\\node.exe" "C:\\Program Files\\nodejs\\node_modules\\npm\\bin\\npm-cli.js" "run" "server"
19 error node v6.11.4
20 error npm  v3.10.10
21 error code ELIFECYCLE
22 error app@0.0.1 server: `cd server && node src/server.js`
22 error Exit status 1
23 error Failed at the app@0.0.1 server script 'cd server && node src/server.js'.
23 error Make sure you have the latest version of node.js and npm installed.
23 error If you do, this is most likely a problem with the app package,
23 error not with npm itself.
23 error Tell the author that this fails on your system:
23 error     cd server && node src/server.js
23 error You can get information on how to open an issue for this project with:
23 error     npm bugs app
23 error Or if that isn't available, you can get their info via:
23 error     npm owner ls app
23 error There is likely additional logging output above.
24 verbose exit [ 1, true ]
